<?xml version="1.0" encoding="UTF-8"?>
<!-- Generated by org.testng.reporters.JUnitReportReporter -->
<testsuite hostname="US-PC1513" failures="0" tests="3" name="annotationcode01.Annotation_L1" time="0.010" errors="0" timestamp="2024-07-09T12:30:10 IST" skipped="0">
  <testcase classname="annotationcode01.Annotation_L1" name="testAnnotation2" time="0.001"/>
  <testcase classname="annotationcode01.Annotation_L1" name="testAnnotation1" time="0.005"/>
  <testcase classname="annotationcode01.Annotation_L1" name="testAnnotation3" time="0.004"/>
</testsuite> <!-- annotationcode01.Annotation_L1 -->
