<?xml version="1.0" encoding="UTF-8"?>
<!-- Generated by org.testng.reporters.JUnitReportReporter -->
<testsuite hostname="US-PC1513" failures="0" tests="18" name="allinone.testcases" time="0.022" errors="0" timestamp="2024-07-09T13:39:57 IST" skipped="0">
  <testcase classname="allinone.testcases" name="login" time="0.006"/>
  <testcase classname="allinone.testcases" name="openMenu" time="0.001"/>
  <testcase classname="allinone.testcases" name="navigationCheck" time="0.001"/>
  <testcase classname="allinone.testcases" name="checkTransactions" time="0.001"/>
  <testcase classname="allinone.testcases" name="openCheckBalanceOptions" time="0.002"/>
  <testcase classname="allinone.testcases" name="checkBalance" time="0.001"/>
  <testcase classname="allinone.testcases" name="CheckRD" time="0.001"/>
  <testcase classname="allinone.testcases" name="checkFD" time="0.002"/>
  <testcase classname="allinone.testcases" name="CheckLoan" time="0.001"/>
  <testcase classname="allinone.testcases" name="createNewIssue" time="0.001"/>
  <testcase classname="allinone.testcases" name="addUser" time="0.001"/>
  <testcase classname="allinone.testcases" name="checkHistory" time="0.001"/>
  <testcase classname="allinone.testcases" name="addNomini" time="0.001"/>
  <testcase classname="allinone.testcases" name="checkRegisterIssue" time="0.000"/>
  <testcase classname="allinone.testcases" name="checkBankManagerDetails" time="0.000"/>
  <testcase classname="allinone.testcases" name="updateUserDetails" time="0.001"/>
  <testcase classname="allinone.testcases" name="checkFAQ" time="0.000"/>
  <testcase classname="allinone.testcases" name="logout" time="0.001"/>
</testsuite> <!-- allinone.testcases -->
