<?xml version="1.0" encoding="UTF-8"?>
<!-- Generated by org.testng.reporters.JUnitReportReporter -->
<testsuite hostname="US-PC1513" failures="0" tests="2" name="annotationcode02.Annotation_L2" time="0.002" errors="0" timestamp="2024-07-09T12:57:49 IST" skipped="0">
  <testcase classname="annotationcode02.Annotation_L2" name="testMethod01" time="0.001"/>
  <testcase classname="annotationcode02.Annotation_L2" name="testMethod02" time="0.001"/>
</testsuite> <!-- annotationcode02.Annotation_L2 -->
