<?xml version="1.0" encoding="UTF-8"?>
<!-- Generated by org.testng.reporters.JUnitReportReporter -->
<testsuite hostname="US-PC1513" failures="0" tests="3" name="annotationcode.Annotation_L1" time="0.014" errors="0" timestamp="2024-07-09T12:07:57 IST" skipped="0">
  <testcase classname="annotationcode.Annotation_L1" name="testAnnotation3" time="0.002"/>
  <testcase classname="annotationcode.Annotation_L1" name="testAnnotation1" time="0.011"/>
  <testcase classname="annotationcode.Annotation_L1" name="testAnnotation2" time="0.001"/>
</testsuite> <!-- annotationcode.Annotation_L1 -->
